2023-10-05 05:02:25.042  INFO 1144 --- [main] com.tilin.core.product.Application       : Starting Application using Java 11.0.15 on DESKTOP-4UT85RR with PID 1144 (C:\workspace-java\core-product\target\classes started by Tilin in C:\workspace-java\core-product)
2023-10-05 05:02:25.044  INFO 1144 --- [main] com.tilin.core.product.Application       : No active profile set, falling back to 1 default profile: "default"
2023-10-05 05:02:25.353  INFO 1144 --- [main] .s.d.r.c.RepositoryConfigurationDelegate : Bootstrapping Spring Data JPA repositories in DEFAULT mode.
2023-10-05 05:02:25.383  INFO 1144 --- [main] .s.d.r.c.RepositoryConfigurationDelegate : Finished Spring Data repository scanning in 25 ms. Found 1 JPA repository interfaces.
2023-10-05 05:02:25.614  INFO 1144 --- [main] o.s.b.w.embedded.tomcat.TomcatWebServer  : Tomcat initialized with port(s): 8080 (http)
2023-10-05 05:02:25.618  INFO 1144 --- [main] o.apache.catalina.core.StandardService   : Starting service [Tomcat]
2023-10-05 05:02:25.618  INFO 1144 --- [main] org.apache.catalina.core.StandardEngine  : Starting Servlet engine: [Apache Tomcat/9.0.63]
2023-10-05 05:02:25.674  INFO 1144 --- [main] o.a.c.c.C.[Tomcat].[localhost].[/]       : Initializing Spring embedded WebApplicationContext
2023-10-05 05:02:25.674  INFO 1144 --- [main] w.s.c.ServletWebServerApplicationContext : Root WebApplicationContext: initialization completed in 601 ms
2023-10-05 05:02:25.755  INFO 1144 --- [main] com.zaxxer.hikari.HikariDataSource       : HikariPool-1 - Starting...
2023-10-05 05:02:25.899  INFO 1144 --- [main] com.zaxxer.hikari.HikariDataSource       : HikariPool-1 - Start completed.
2023-10-05 05:02:25.925  INFO 1144 --- [main] o.hibernate.jpa.internal.util.LogHelper  : HHH000204: Processing PersistenceUnitInfo [name: default]
2023-10-05 05:02:25.953  INFO 1144 --- [main] org.hibernate.Version                    : HHH000412: Hibernate ORM core version 5.6.9.Final
2023-10-05 05:02:26.031  INFO 1144 --- [main] o.hibernate.annotations.common.Version   : HCANN000001: Hibernate Commons Annotations {5.1.2.Final}
2023-10-05 05:02:26.095  INFO 1144 --- [main] org.hibernate.dialect.Dialect            : HHH000400: Using dialect: org.hibernate.dialect.MySQL8Dialect
2023-10-05 05:02:26.355  INFO 1144 --- [main] o.h.e.t.j.p.i.JtaPlatformInitiator       : HHH000490: Using JtaPlatform implementation: [org.hibernate.engine.transaction.jta.platform.internal.NoJtaPlatform]
2023-10-05 05:02:26.360  INFO 1144 --- [main] j.LocalContainerEntityManagerFactoryBean : Initialized JPA EntityManagerFactory for persistence unit 'default'
2023-10-05 05:02:26.500  WARN 1144 --- [main] JpaBaseConfiguration$JpaWebConfiguration : spring.jpa.open-in-view is enabled by default. Therefore, database queries may be performed during view rendering. Explicitly configure spring.jpa.open-in-view to disable this warning
2023-10-05 05:02:26.680  INFO 1144 --- [main] o.s.b.w.embedded.tomcat.TomcatWebServer  : Tomcat started on port(s): 8080 (http) with context path ''
2023-10-05 05:02:26.686  INFO 1144 --- [main] com.tilin.core.product.Application       : Started Application in 1.851 seconds (JVM running for 2.306)
2023-10-05 05:02:59.485  INFO 1144 --- [SpringApplicationShutdownHook] j.LocalContainerEntityManagerFactoryBean : Closing JPA EntityManagerFactory for persistence unit 'default'
2023-10-05 05:02:59.486  INFO 1144 --- [SpringApplicationShutdownHook] com.zaxxer.hikari.HikariDataSource       : HikariPool-1 - Shutdown initiated...
2023-10-05 05:02:59.492  INFO 1144 --- [SpringApplicationShutdownHook] com.zaxxer.hikari.HikariDataSource       : HikariPool-1 - Shutdown completed.
